<?xml version="1.0" encoding="UTF-8"?>
<testsuite xmlns:xsi="http://www.w3.org/2001/XMLSchema-instance" xsi:noNamespaceSchemaLocation="https://maven.apache.org/surefire/maven-surefire-plugin/xsd/surefire-test-report-3.0.xsd" version="3.0" name="com.ejemplo.carmenuy.dao.UsuarioDAOTest" time="5.182" tests="5" errors="0" skipped="0" failures="0">
  <properties>
[...]
</properties>
  <testcase name="testEliminarUsuario" classname="com.ejemplo.carmenuy.dao.UsuarioDAOTest" time="4.976"/>
  <testcase name="testObtenerUsuarioPorNombreNoExistente" classname="com.ejemplo.carmenuy.dao.UsuarioDAOTest" time="0.041"/>
  <testcase name="testInsertarUsuario" classname="com.ejemplo.carmenuy.dao.UsuarioDAOTest" time="0.013"/>
  <testcase name="testActualizarUsuario" classname="com.ejemplo.carmenuy.dao.UsuarioDAOTest" time="0.01"/>
  <testcase name="testObtenerUsuarioPorNombre" classname="com.ejemplo.carmenuy.dao.UsuarioDAOTest" time="0.024"/>
</testsuite>